[debug] [2022-06-14T17:21:07.933Z] ----------------------------------------------------------------------
[debug] [2022-06-14T17:21:07.935Z] Command:       /usr/local/bin/node /usr/local/bin/firebase deploy
[debug] [2022-06-14T17:21:07.935Z] CLI Version:   11.0.1
[debug] [2022-06-14T17:21:07.935Z] Platform:      linux
[debug] [2022-06-14T17:21:07.936Z] Node Version:  v16.14.0
[debug] [2022-06-14T17:21:07.936Z] Time:          Tue Jun 14 2022 23:21:07 GMT+0600 (Bangladesh Standard Time)
[debug] [2022-06-14T17:21:07.936Z] ----------------------------------------------------------------------
[debug] 
[debug] [2022-06-14T17:21:07.938Z] >>> [apiv2][query] GET https://firebase-public.firebaseio.com/cli.json [none]
[debug] [2022-06-14T17:21:07.999Z] > command requires scopes: ["email","openid","https://www.googleapis.com/auth/cloudplatformprojects.readonly","https://www.googleapis.com/auth/firebase","https://www.googleapis.com/auth/cloud-platform"]
[debug] [2022-06-14T17:21:07.999Z] > authorizing via signed-in user (muhidhossain7@gmail.com)
[debug] [2022-06-14T17:21:07.999Z] [iam] checking project muhid-hossain for permissions ["firebase.projects.get","firebasehosting.sites.update"]
[debug] [2022-06-14T17:21:08.000Z] > refreshing access token with scopes: []
[debug] [2022-06-14T17:21:08.001Z] >>> HTTP REQUEST POST https://www.googleapis.com/oauth2/v3/token  
 <request body omitted>
[debug] [2022-06-14T17:21:13.261Z] <<< HTTP RESPONSE 200 {"pragma":"no-cache","date":"Tue, 14 Jun 2022 17:21:13 GMT","expires":"Mon, 01 Jan 1990 00:00:00 GMT","cache-control":"no-cache, no-store, max-age=0, must-revalidate","content-type":"application/json; charset=utf-8","vary":"X-Origin, Referer, Origin,Accept-Encoding","server":"scaffolding on HTTPServer2","x-xss-protection":"0","x-frame-options":"SAMEORIGIN","x-content-type-options":"nosniff","alt-svc":"h3=\":443\"; ma=2592000,h3-29=\":443\"; ma=2592000,h3-Q050=\":443\"; ma=2592000,h3-Q046=\":443\"; ma=2592000,h3-Q043=\":443\"; ma=2592000,quic=\":443\"; ma=2592000; v=\"46,43\"","accept-ranges":"none","transfer-encoding":"chunked"}
[debug] [2022-06-14T17:21:13.275Z] >>> [apiv2][query] POST https://cloudresourcemanager.googleapis.com/v1/projects/muhid-hossain:testIamPermissions [none]
[debug] [2022-06-14T17:21:13.276Z] >>> [apiv2][body] POST https://cloudresourcemanager.googleapis.com/v1/projects/muhid-hossain:testIamPermissions {"permissions":["firebase.projects.get","firebasehosting.sites.update"]}
[debug] [2022-06-14T17:21:14.182Z] <<< [apiv2][status] GET https://firebase-public.firebaseio.com/cli.json 200
[debug] [2022-06-14T17:21:14.183Z] <<< [apiv2][body] GET https://firebase-public.firebaseio.com/cli.json {"cloudBuildErrorAfter":1594252800000,"cloudBuildWarnAfter":1590019200000,"defaultNode10After":1594252800000,"minVersion":"3.0.5","node8DeploysDisabledAfter":1613390400000,"node8RuntimeDisabledAfter":1615809600000,"node8WarnAfter":1600128000000}
[debug] [2022-06-14T17:21:14.589Z] <<< [apiv2][status] POST https://cloudresourcemanager.googleapis.com/v1/projects/muhid-hossain:testIamPermissions 200
[debug] [2022-06-14T17:21:14.590Z] <<< [apiv2][body] POST https://cloudresourcemanager.googleapis.com/v1/projects/muhid-hossain:testIamPermissions {"permissions":["firebase.projects.get","firebasehosting.sites.update"]}
[debug] [2022-06-14T17:21:14.591Z] >>> [apiv2][query] GET https://firebase.googleapis.com/v1beta1/projects/muhid-hossain [none]
[debug] [2022-06-14T17:21:15.412Z] <<< [apiv2][status] GET https://firebase.googleapis.com/v1beta1/projects/muhid-hossain 200
[debug] [2022-06-14T17:21:15.413Z] <<< [apiv2][body] GET https://firebase.googleapis.com/v1beta1/projects/muhid-hossain {"projectId":"muhid-hossain","projectNumber":"660044768918","displayName":"muhid-hossain","name":"projects/muhid-hossain","resources":{"hostingSite":"muhid-hossain","realtimeDatabaseInstance":"muhid-hossain"},"state":"ACTIVE"}
[info] 
[info] === Deploying to 'muhid-hossain'...
[info] 
[info] i  deploying hosting 
[debug] [2022-06-14T17:21:15.423Z] >>> [apiv2][query] GET https://firebase.googleapis.com/v1beta1/projects/muhid-hossain [none]
[debug] [2022-06-14T17:21:15.920Z] <<< [apiv2][status] GET https://firebase.googleapis.com/v1beta1/projects/muhid-hossain 200
[debug] [2022-06-14T17:21:15.920Z] <<< [apiv2][body] GET https://firebase.googleapis.com/v1beta1/projects/muhid-hossain {"projectId":"muhid-hossain","projectNumber":"660044768918","displayName":"muhid-hossain","name":"projects/muhid-hossain","resources":{"hostingSite":"muhid-hossain","realtimeDatabaseInstance":"muhid-hossain"},"state":"ACTIVE"}
[debug] [2022-06-14T17:21:15.926Z] >>> [apiv2][query] POST https://firebasehosting.googleapis.com/v1beta1/projects/660044768918/sites/muhid-hossain/versions [none]
[debug] [2022-06-14T17:21:15.927Z] >>> [apiv2][body] POST https://firebasehosting.googleapis.com/v1beta1/projects/660044768918/sites/muhid-hossain/versions {"config":{"rewrites":[{"glob":"**","path":"/index.html"}]},"labels":{"deployment-tool":"cli-firebase"}}
[debug] [2022-06-14T17:21:17.586Z] <<< [apiv2][status] POST https://firebasehosting.googleapis.com/v1beta1/projects/660044768918/sites/muhid-hossain/versions 200
[debug] [2022-06-14T17:21:17.586Z] <<< [apiv2][body] POST https://firebasehosting.googleapis.com/v1beta1/projects/660044768918/sites/muhid-hossain/versions {"name":"projects/660044768918/sites/muhid-hossain/versions/810185bf560b21ce","status":"CREATED","config":{"rewrites":[{"glob":"**","path":"/index.html"}]},"labels":{"deployment-tool":"cli-firebase"}}
[info] i  hosting[muhid-hossain]: beginning deploy... 
[info] i  hosting[muhid-hossain]: found 18 files in build 
[debug] [2022-06-14T17:21:17.625Z] [hosting] uploading with 200 concurrency
[debug] [2022-06-14T17:21:17.982Z] [hosting] hash cache [YnVpbGQ] stored for 18 files
[debug] [2022-06-14T17:21:17.982Z] [hosting][hash queue][FINAL] {"max":347,"min":14,"avg":49.833333333333336,"active":0,"complete":18,"success":18,"errored":0,"retried":0,"total":18,"elapsed":354}
[debug] [2022-06-14T17:21:17.982Z] >>> [apiv2][query] POST https://firebasehosting.googleapis.com/v1beta1/projects/660044768918/sites/muhid-hossain/versions/810185bf560b21ce:populateFiles [none]
[debug] [2022-06-14T17:21:17.982Z] >>> [apiv2][body] POST https://firebasehosting.googleapis.com/v1beta1/projects/660044768918/sites/muhid-hossain/versions/810185bf560b21ce:populateFiles {"files":{"/asset-manifest.json":"89efa0cc5e41c36dac78fabb95637c20f86b2762218fdf4c3bf28cac97147e26","/manifest.json":"ed7b98046be74c7d1476b73ebb8cd1f00c2b34443af1525af60b9dd20be9fb9a","/favicon.ico":"a680829d232c515dcf0eaa0a12fc70cd81b3f3dffcda5c0ae51ba6bbba10c323","/index.html":"ebddce0bb35379c03ca6cd9b7dc8f09eea51dcf78694321d4d4f21875b6a8933","/robots.txt":"2544ca049f223a42bff01f72ad930a5edba75bbb7199d0f8430a02ff5aca16ec","/static/js/main.935dce35.js.LICENSE.txt":"6a5bd699e927c6e97cd2a8e84342c9d35d1864d492da47fd8cd1ba6df6ae4789","/static/media/LeetCode.22459bacd6fd28981342.png":"9427141f4409d34d6bef78be03e841966d236ee333cc854a2fa209fec70322e6","/static/media/airbnb-clone.b11f9502c9e159fabb47.png":"86a8a58ff69836cabe9f0adb89b07ce234ca36df68179623c305dfbec925767a","/static/media/boiwala.82a0c999bc742b6e1820.png":"e175b46a0c5b711b3a5e24bfa516fb56c24da29589ba8a17649fb50f5fd28fdd","/static/media/amazon-clone.36e94adc395c111e1f2d.png":"00237e904e897bf4218e44d1face32bb1717b1d2d0004621ebb836733fcbf001","/static/media/doctor's-portal.666d0d4952f8a1d2ccac.jpg":"38636e7ed151cd16658d328792a72f7bb43d2e76223e8ba5b1623cfbec56641e","/static/css/main.58feb821.css":"5e383fbb1e62e948a09f57123ce69ac9a229a9494a3266e57162d9374a55bc32","/static/media/power-x-gym.03f84cfcdb6cd2a00696.jpg":"d263154b174f6654dad2a554384cb43a4635f0526b32cc7ed96ba54b21704b53","/static/media/profile.7a8ce5be0cd5517a045c.jpg":"b1d145bfecb0c7373183953bc9811c8f8dd464b73d935a63d8f1891ef2006b89","/static/media/red-onion.7a18b974a38877489929.png":"77d9a32a2af8707e32ff33946a012cb6136f4b16c7016390fc530bba021cd570","/static/js/main.935dce35.js":"64c32e120b3a3a6a93ac8f56f34c84e85d812dd34ac32764c434483dca18eb0b","/static/css/main.58feb821.css.map":"f3ff59c70876927b79596c89f3a554b0bce93661dc2d1ed1a1537f2a38d89323","/static/js/main.935dce35.js.map":"4d4d79d53098b897a8a18a27d39b666fe5106795118bd6149cd1879500203be5"}}
[debug] [2022-06-14T17:21:19.504Z] <<< [apiv2][status] POST https://firebasehosting.googleapis.com/v1beta1/projects/660044768918/sites/muhid-hossain/versions/810185bf560b21ce:populateFiles 200
[debug] [2022-06-14T17:21:19.504Z] <<< [apiv2][body] POST https://firebasehosting.googleapis.com/v1beta1/projects/660044768918/sites/muhid-hossain/versions/810185bf560b21ce:populateFiles {"uploadRequiredHashes":["89efa0cc5e41c36dac78fabb95637c20f86b2762218fdf4c3bf28cac97147e26","64c32e120b3a3a6a93ac8f56f34c84e85d812dd34ac32764c434483dca18eb0b","ebddce0bb35379c03ca6cd9b7dc8f09eea51dcf78694321d4d4f21875b6a8933","4d4d79d53098b897a8a18a27d39b666fe5106795118bd6149cd1879500203be5"],"uploadUrl":"https://upload-firebasehosting.googleapis.com/upload/sites/muhid-hossain/versions/810185bf560b21ce/files"}
[debug] [2022-06-14T17:21:19.509Z] >>> [apiv2][query] POST https://upload-firebasehosting.googleapis.com/upload/sites/muhid-hossain/versions/810185bf560b21ce/files/89efa0cc5e41c36dac78fabb95637c20f86b2762218fdf4c3bf28cac97147e26 [none]
[debug] [2022-06-14T17:21:19.509Z] >>> [apiv2][body] POST https://upload-firebasehosting.googleapis.com/upload/sites/muhid-hossain/versions/810185bf560b21ce/files/89efa0cc5e41c36dac78fabb95637c20f86b2762218fdf4c3bf28cac97147e26 [stream]
[debug] [2022-06-14T17:21:19.512Z] >>> [apiv2][query] POST https://upload-firebasehosting.googleapis.com/upload/sites/muhid-hossain/versions/810185bf560b21ce/files/64c32e120b3a3a6a93ac8f56f34c84e85d812dd34ac32764c434483dca18eb0b [none]
[debug] [2022-06-14T17:21:19.513Z] >>> [apiv2][body] POST https://upload-firebasehosting.googleapis.com/upload/sites/muhid-hossain/versions/810185bf560b21ce/files/64c32e120b3a3a6a93ac8f56f34c84e85d812dd34ac32764c434483dca18eb0b [stream]
[debug] [2022-06-14T17:21:19.516Z] >>> [apiv2][query] POST https://upload-firebasehosting.googleapis.com/upload/sites/muhid-hossain/versions/810185bf560b21ce/files/ebddce0bb35379c03ca6cd9b7dc8f09eea51dcf78694321d4d4f21875b6a8933 [none]
[debug] [2022-06-14T17:21:19.516Z] >>> [apiv2][body] POST https://upload-firebasehosting.googleapis.com/upload/sites/muhid-hossain/versions/810185bf560b21ce/files/ebddce0bb35379c03ca6cd9b7dc8f09eea51dcf78694321d4d4f21875b6a8933 [stream]
[debug] [2022-06-14T17:21:19.520Z] >>> [apiv2][query] POST https://upload-firebasehosting.googleapis.com/upload/sites/muhid-hossain/versions/810185bf560b21ce/files/4d4d79d53098b897a8a18a27d39b666fe5106795118bd6149cd1879500203be5 [none]
[debug] [2022-06-14T17:21:19.520Z] >>> [apiv2][body] POST https://upload-firebasehosting.googleapis.com/upload/sites/muhid-hossain/versions/810185bf560b21ce/files/4d4d79d53098b897a8a18a27d39b666fe5106795118bd6149cd1879500203be5 [stream]
[debug] [2022-06-14T17:21:19.523Z] [hosting][populate queue][FINAL] {"max":1527,"min":1527,"avg":1527,"active":0,"complete":1,"success":1,"errored":0,"retried":0,"total":1,"elapsed":1542}
[debug] [2022-06-14T17:21:19.524Z] [hosting] uploads queued: 4
[debug] [2022-06-14T17:21:22.336Z] <<< [apiv2][status] POST https://upload-firebasehosting.googleapis.com/upload/sites/muhid-hossain/versions/810185bf560b21ce/files/ebddce0bb35379c03ca6cd9b7dc8f09eea51dcf78694321d4d4f21875b6a8933 200
[debug] [2022-06-14T17:21:22.337Z] <<< [apiv2][body] POST https://upload-firebasehosting.googleapis.com/upload/sites/muhid-hossain/versions/810185bf560b21ce/files/ebddce0bb35379c03ca6cd9b7dc8f09eea51dcf78694321d4d4f21875b6a8933 [stream]
[debug] [2022-06-14T17:21:22.634Z] <<< [apiv2][status] POST https://upload-firebasehosting.googleapis.com/upload/sites/muhid-hossain/versions/810185bf560b21ce/files/89efa0cc5e41c36dac78fabb95637c20f86b2762218fdf4c3bf28cac97147e26 200
[debug] [2022-06-14T17:21:22.634Z] <<< [apiv2][body] POST https://upload-firebasehosting.googleapis.com/upload/sites/muhid-hossain/versions/810185bf560b21ce/files/89efa0cc5e41c36dac78fabb95637c20f86b2762218fdf4c3bf28cac97147e26 [stream]
[debug] [2022-06-14T17:21:27.248Z] <<< [apiv2][status] POST https://upload-firebasehosting.googleapis.com/upload/sites/muhid-hossain/versions/810185bf560b21ce/files/64c32e120b3a3a6a93ac8f56f34c84e85d812dd34ac32764c434483dca18eb0b 200
[debug] [2022-06-14T17:21:27.249Z] <<< [apiv2][body] POST https://upload-firebasehosting.googleapis.com/upload/sites/muhid-hossain/versions/810185bf560b21ce/files/64c32e120b3a3a6a93ac8f56f34c84e85d812dd34ac32764c434483dca18eb0b [stream]
[debug] [2022-06-14T17:22:06.294Z] <<< [apiv2][status] POST https://upload-firebasehosting.googleapis.com/upload/sites/muhid-hossain/versions/810185bf560b21ce/files/4d4d79d53098b897a8a18a27d39b666fe5106795118bd6149cd1879500203be5 200
[debug] [2022-06-14T17:22:06.295Z] <<< [apiv2][body] POST https://upload-firebasehosting.googleapis.com/upload/sites/muhid-hossain/versions/810185bf560b21ce/files/4d4d79d53098b897a8a18a27d39b666fe5106795118bd6149cd1879500203be5 [stream]
[debug] [2022-06-14T17:22:06.295Z] [hosting][upload queue][FINAL] {"max":46788,"min":2830,"avg":15122.75,"active":0,"complete":4,"success":4,"errored":0,"retried":0,"total":4,"elapsed":46790}
[info] ✔  hosting[muhid-hossain]: file upload complete 
[debug] [2022-06-14T17:22:06.298Z] [hosting] deploy completed after 48709ms
[debug] [2022-06-14T17:22:06.307Z] [
  {
    "config": {
      "public": "build",
      "ignore": [
        "firebase.json",
        "**/.*",
        "**/node_modules/**"
      ],
      "rewrites": [
        {
          "source": "**",
          "destination": "/index.html"
        }
      ],
      "site": "muhid-hossain"
    },
    "site": "muhid-hossain",
    "version": "projects/660044768918/sites/muhid-hossain/versions/810185bf560b21ce"
  }
]
[info] i  hosting[muhid-hossain]: finalizing version... 
[debug] [2022-06-14T17:22:06.314Z] >>> [apiv2][query] PATCH https://firebasehosting.googleapis.com/v1beta1/projects/660044768918/sites/muhid-hossain/versions/810185bf560b21ce updateMask=status%2Cconfig
[debug] [2022-06-14T17:22:06.315Z] >>> [apiv2][body] PATCH https://firebasehosting.googleapis.com/v1beta1/projects/660044768918/sites/muhid-hossain/versions/810185bf560b21ce {"status":"FINALIZED","config":{"rewrites":[{"glob":"**","path":"/index.html"}]}}
[debug] [2022-06-14T17:22:07.735Z] <<< [apiv2][status] PATCH https://firebasehosting.googleapis.com/v1beta1/projects/660044768918/sites/muhid-hossain/versions/810185bf560b21ce 200
[debug] [2022-06-14T17:22:07.735Z] <<< [apiv2][body] PATCH https://firebasehosting.googleapis.com/v1beta1/projects/660044768918/sites/muhid-hossain/versions/810185bf560b21ce {"name":"projects/660044768918/sites/muhid-hossain/versions/810185bf560b21ce","status":"FINALIZED","config":{"rewrites":[{"glob":"**","path":"/index.html"}]},"labels":{"deployment-tool":"cli-firebase"},"createTime":"2022-06-14T17:21:17.223496Z","createUser":{"email":"muhidhossain7@gmail.com"},"finalizeTime":"2022-06-14T17:22:07.578985Z","finalizeUser":{"email":"muhidhossain7@gmail.com"}}
[debug] [2022-06-14T17:22:07.736Z] [hosting] finalized version for muhid-hossain:[object Object]
[info] ✔  hosting[muhid-hossain]: version finalized 
[info] i  hosting[muhid-hossain]: releasing new version... 
[debug] [2022-06-14T17:22:07.738Z] >>> [apiv2][query] POST https://firebasehosting.googleapis.com/v1beta1/projects/660044768918/sites/muhid-hossain/releases versionName=projects%2F660044768918%2Fsites%2Fmuhid-hossain%2Fversions%2F810185bf560b21ce
[debug] [2022-06-14T17:22:07.739Z] >>> [apiv2][body] POST https://firebasehosting.googleapis.com/v1beta1/projects/660044768918/sites/muhid-hossain/releases {"message":null}
[debug] [2022-06-14T17:22:09.264Z] <<< [apiv2][status] POST https://firebasehosting.googleapis.com/v1beta1/projects/660044768918/sites/muhid-hossain/releases 200
[debug] [2022-06-14T17:22:09.265Z] <<< [apiv2][body] POST https://firebasehosting.googleapis.com/v1beta1/projects/660044768918/sites/muhid-hossain/releases {"name":"projects/660044768918/sites/muhid-hossain/releases/1655227328427131","version":{"name":"projects/660044768918/sites/muhid-hossain/versions/810185bf560b21ce","status":"FINALIZED","config":{"rewrites":[{"glob":"**","path":"/index.html"}]},"labels":{"deployment-tool":"cli-firebase"},"createTime":"2022-06-14T17:21:17.223496Z","createUser":{"email":"muhidhossain7@gmail.com","imageUrl":"https://lh3.googleusercontent.com/a-/AOh14GjHVyphsdIgamk12bMa34FRUzktQRXybzGHereCGA"},"finalizeTime":"2022-06-14T17:22:07.578985Z","finalizeUser":{"email":"muhidhossain7@gmail.com","imageUrl":"https://lh3.googleusercontent.com/a-/AOh14GjHVyphsdIgamk12bMa34FRUzktQRXybzGHereCGA"}},"type":"DEPLOY","releaseTime":"2022-06-14T17:22:08.427131298Z","releaseUser":{"email":"muhidhossain7@gmail.com","imageUrl":"https://lh3.googleusercontent.com/a-/AOh14GjHVyphsdIgamk12bMa34FRUzktQRXybzGHereCGA"}}
[debug] [2022-06-14T17:22:09.265Z] [hosting] release: {"name":"projects/660044768918/sites/muhid-hossain/releases/1655227328427131","version":{"name":"projects/660044768918/sites/muhid-hossain/versions/810185bf560b21ce","status":"FINALIZED","config":{"rewrites":[{"glob":"**","path":"/index.html"}]},"labels":{"deployment-tool":"cli-firebase"},"createTime":"2022-06-14T17:21:17.223496Z","createUser":{"email":"muhidhossain7@gmail.com","imageUrl":"https://lh3.googleusercontent.com/a-/AOh14GjHVyphsdIgamk12bMa34FRUzktQRXybzGHereCGA"},"finalizeTime":"2022-06-14T17:22:07.578985Z","finalizeUser":{"email":"muhidhossain7@gmail.com","imageUrl":"https://lh3.googleusercontent.com/a-/AOh14GjHVyphsdIgamk12bMa34FRUzktQRXybzGHereCGA"}},"type":"DEPLOY","releaseTime":"2022-06-14T17:22:08.427131298Z","releaseUser":{"email":"muhidhossain7@gmail.com","imageUrl":"https://lh3.googleusercontent.com/a-/AOh14GjHVyphsdIgamk12bMa34FRUzktQRXybzGHereCGA"}}
[info] ✔  hosting[muhid-hossain]: release complete 
[info] 
[info] ✔  Deploy complete! 
[info] 
[info] Project Console: https://console.firebase.google.com/project/muhid-hossain/overview
[info] Hosting URL: https://muhid-hossain.web.app
